
/home/runner/work/exp-robinson-frequency-bridge-iitkgp/exp-robinson-frequency-bridge-iitkgp/experiment/simulation/jquery_files/jqplot.meterGaugeRenderer.min.js
  67:890    warning  'f' is already defined                   no-redeclare
  67:2017   warning  'j' is defined but never used            no-unused-vars
  67:2042   warning  'e' is assigned a value but never used   no-unused-vars
  67:2206   warning  'h' is already defined                   no-redeclare
  67:2320   warning  'k' is defined but never used            no-unused-vars
  67:2345   warning  'e' is assigned a value but never used   no-unused-vars
  67:2485   warning  'h' is already defined                   no-redeclare
  67:3375   warning  'm' is assigned a value but never used   no-unused-vars
  67:3426   warning  'N' is assigned a value but never used   no-unused-vars
  67:3483   warning  'I' is assigned a value but never used   no-unused-vars
  67:6356   warning  'E' is already defined                   no-redeclare
  67:6484   warning  'O' is already defined                   no-redeclare
  67:6979   warning  'C' is defined but never used            no-unused-vars
  67:7271   warning  'O' is already defined                   no-redeclare
  67:7815   warning  'H' is assigned a value but never used   no-unused-vars
  67:7825   warning  'e' is assigned a value but never used   no-unused-vars
  67:8338   warning  'aa' is already defined                  no-redeclare
  67:8678   warning  'aa' is already defined                  no-redeclare
  67:9466   warning  'ae' is assigned a value but never used  no-unused-vars
  67:10056  warning  'T' is already defined                   no-redeclare
  67:10073  warning  'an' is already defined                  no-redeclare
  67:10763  warning  'W' is already defined                   no-redeclare
  67:10811  warning  'an' is already defined                  no-redeclare
  67:10862  warning  'T' is already defined                   no-redeclare
  67:11203  warning  'W' is already defined                   no-redeclare
  67:11286  warning  'T' is already defined                   no-redeclare
  67:11641  warning  'ag' is already defined                  no-redeclare
  67:11710  warning  'ag' is already defined                  no-redeclare
  67:11742  warning  'P' is already defined                   no-redeclare
  67:11766  warning  'aD' is assigned a value but never used  no-unused-vars
  67:12806  warning  'aa' is already defined                  no-redeclare
  67:16384  warning  'e' is defined but never used            no-unused-vars
  67:16700  warning  'jQuery' is not defined                  no-undef

/home/runner/work/exp-robinson-frequency-bridge-iitkgp/exp-robinson-frequency-bridge-iitkgp/experiment/simulation/jquery_files/jquery.jqplot.min.js
  57:9998    warning  'ac' is already defined                                                    no-redeclare
  57:10455   warning  Do not access Object.prototype method 'hasOwnProperty' from target object  no-prototype-builtins
  57:15707   warning  'ab' is already defined                                                    no-redeclare
  57:21355   warning  'ac' is already defined                                                    no-redeclare
  57:24556   warning  'ad' is assigned a value but never used                                    no-unused-vars
  57:24705   warning  'am' is already defined                                                    no-redeclare
  57:25775   warning  'am' is already defined                                                    no-redeclare
  57:27806   warning  'am' is already defined                                                    no-redeclare
  57:28214   warning  'ak' is already defined                                                    no-redeclare
  57:28546   warning  'ak' is already defined                                                    no-redeclare
  57:28729   warning  'ak' is already defined                                                    no-redeclare
  57:28994   warning  'am' is already defined                                                    no-redeclare
  57:28999   warning  'aj' is already defined                                                    no-redeclare
  57:29389   warning  'am' is already defined                                                    no-redeclare
  57:29495   warning  'am' is already defined                                                    no-redeclare
  57:30117   warning  'ao' is already defined                                                    no-redeclare
  57:30728   warning  'ao' is already defined                                                    no-redeclare
  57:30804   warning  'am' is already defined                                                    no-redeclare
  57:31785   warning  'ao' is already defined                                                    no-redeclare
  57:31790   warning  'ak' is already defined                                                    no-redeclare
  57:32018   warning  'am' is already defined                                                    no-redeclare
  57:32199   warning  'am' is already defined                                                    no-redeclare
  57:32531   warning  'am' is already defined                                                    no-redeclare
  57:32714   warning  'am' is already defined                                                    no-redeclare
  57:32969   warning  'ao' is already defined                                                    no-redeclare
  57:32974   warning  'ak' is already defined                                                    no-redeclare
  57:33353   warning  'ao' is already defined                                                    no-redeclare
  57:33358   warning  'ak' is already defined                                                    no-redeclare
  57:33465   warning  'ao' is already defined                                                    no-redeclare
  57:33470   warning  'ak' is already defined                                                    no-redeclare
  57:34951   warning  'ai' is already defined                                                    no-redeclare
  57:35362   warning  'ao' is defined but never used                                             no-unused-vars
  57:35365   warning  'ap' is defined but never used                                             no-unused-vars
  57:35368   warning  'af' is defined but never used                                             no-unused-vars
  57:35371   warning  'am' is defined but never used                                             no-unused-vars
  57:35705   warning  'ai' is already defined                                                    no-redeclare
  57:36048   warning  'am' is assigned a value but never used                                    no-unused-vars
  57:36462   warning  'ai' is already defined                                                    no-redeclare
  57:37147   warning  'al' is already defined                                                    no-redeclare
  57:37510   warning  'al' is already defined                                                    no-redeclare
  57:38148   warning  'al' is already defined                                                    no-redeclare
  57:38583   warning  'an' is assigned a value but never used                                    no-unused-vars
  57:38611   warning  'al' is already defined                                                    no-redeclare
  57:38646   warning  'ap' is already defined                                                    no-redeclare
  57:38831   warning  'ak' is already defined                                                    no-redeclare
  57:39860   warning  'ak' is already defined                                                    no-redeclare
  57:40041   warning  'ak' is already defined                                                    no-redeclare
  57:40270   warning  'al' is already defined                                                    no-redeclare
  57:40275   warning  'aj' is already defined                                                    no-redeclare
  57:40303   warning  'ag' is already defined                                                    no-redeclare
  57:40316   warning  'ai' is already defined                                                    no-redeclare
  57:40648   warning  'al' is already defined                                                    no-redeclare
  57:40757   warning  'al' is already defined                                                    no-redeclare
  57:42074   warning  'ai' is defined but never used                                             no-unused-vars
  57:43883   warning  'au' is already defined                                                    no-redeclare
  57:46619   warning  'aB' is already defined                                                    no-redeclare
  57:46624   warning  'ay' is already defined                                                    no-redeclare
  57:46793   warning  'aB' is already defined                                                    no-redeclare
  57:46798   warning  'ay' is already defined                                                    no-redeclare
  57:47152   warning  'aB' is already defined                                                    no-redeclare
  57:47157   warning  'ay' is already defined                                                    no-redeclare
  57:47248   warning  'aB' is already defined                                                    no-redeclare
  57:47253   warning  'ay' is already defined                                                    no-redeclare
  57:48344   warning  'aj' is already defined                                                    no-redeclare
  57:48454   warning  'am' is already defined                                                    no-redeclare
  57:50039   warning  'al' is defined but never used                                             no-unused-vars
  57:50045   warning  'aG' is defined but never used                                             no-unused-vars
  57:52295   warning  'aO' is already defined                                                    no-redeclare
  57:52641   warning  Unexpected lexical declaration in case block                               no-case-declarations
  57:52641   warning  Move function declaration to function body root                            no-inner-declarations
  57:53325   warning  'aO' is already defined                                                    no-redeclare
  57:53341   warning  'aA' is already defined                                                    no-redeclare
  57:53761   warning  'aO' is already defined                                                    no-redeclare
  57:54095   warning  'ao' is already defined                                                    no-redeclare
  57:54298   warning  'ao' is already defined                                                    no-redeclare
  57:54823   warning  'aO' is already defined                                                    no-redeclare
  57:54940   warning  'ao' is already defined                                                    no-redeclare
  57:55157   warning  'ao' is already defined                                                    no-redeclare
  57:55360   warning  'ao' is already defined                                                    no-redeclare
  57:56798   warning  'af' is already defined                                                    no-redeclare
  57:59323   warning  'ak' is defined but never used                                             no-unused-vars
  57:59842   warning  'ai' is defined but never used                                             no-unused-vars
  57:60706   warning  'af' is already defined                                                    no-redeclare
  57:60745   warning  'ab' is already defined                                                    no-redeclare
  57:60772   warning  'ah' is already defined                                                    no-redeclare
  57:60801   warning  'ad' is already defined                                                    no-redeclare
  57:67752   warning  'ab' is defined but never used                                             no-unused-vars
  57:67755   warning  'ac' is defined but never used                                             no-unused-vars
  57:73061   warning  'ae' is already defined                                                    no-redeclare
  57:73838   warning  'ae' is already defined                                                    no-redeclare
  57:74625   warning  'ae' is already defined                                                    no-redeclare
  57:75379   warning  'ae' is already defined                                                    no-redeclare
  57:75990   warning  'aq' is already defined                                                    no-redeclare
  57:76010   warning  'ab' is already defined                                                    no-redeclare
  57:76030   warning  'au' is already defined                                                    no-redeclare
  57:76413   warning  'an' is already defined                                                    no-redeclare
  57:76441   warning  'ah' is already defined                                                    no-redeclare
  57:76483   warning  'ae' is already defined                                                    no-redeclare
  57:77169   warning  'ao' is already defined                                                    no-redeclare
  57:78123   warning  'ae' is assigned a value but never used                                    no-unused-vars
  57:79667   warning  Unexpected constant condition                                              no-constant-condition
  57:83155   warning  'ao' is defined but never used                                             no-unused-vars
  57:83528   warning  'ap' is already defined                                                    no-redeclare
  57:83533   warning  'am' is already defined                                                    no-redeclare
  57:83885   warning  'ap' is already defined                                                    no-redeclare
  57:83890   warning  'am' is already defined                                                    no-redeclare
  57:84063   warning  'ad' is already defined                                                    no-redeclare
  57:84094   warning  'aw' is already defined                                                    no-redeclare
  57:84114   warning  'ap' is already defined                                                    no-redeclare
  57:84119   warning  'am' is already defined                                                    no-redeclare
  57:84731   warning  'ap' is already defined                                                    no-redeclare
  57:84736   warning  'am' is already defined                                                    no-redeclare
  57:85089   warning  'ap' is already defined                                                    no-redeclare
  57:85094   warning  'am' is already defined                                                    no-redeclare
  57:85202   warning  'ap' is already defined                                                    no-redeclare
  57:85207   warning  'am' is already defined                                                    no-redeclare
  57:85530   warning  'k' is defined but never used                                              no-unused-vars
  57:85862   warning  'ag' is assigned a value but never used                                    no-unused-vars
  57:86264   warning  'ay' is already defined                                                    no-redeclare
  57:87291   warning  'aw' is already defined                                                    no-redeclare
  57:87296   warning  'au' is already defined                                                    no-redeclare
  57:87695   warning  'aD' is assigned a value but never used                                    no-unused-vars
  57:87830   warning  'ap' is assigned a value but never used                                    no-unused-vars
  57:87840   warning  'ad' is assigned a value but never used                                    no-unused-vars
  57:89011   warning  'aj' is defined but never used                                             no-unused-vars
  57:90231   warning  'ah' is already defined                                                    no-redeclare
  57:90236   warning  'ad' is already defined                                                    no-redeclare
  57:90390   warning  'ah' is already defined                                                    no-redeclare
  57:90395   warning  'ad' is already defined                                                    no-redeclare
  57:91317   warning  'ak' is defined but never used                                             no-unused-vars
  57:91395   warning  'ad' is assigned a value but never used                                    no-unused-vars
  57:92068   warning  'ah' is already defined                                                    no-redeclare
  57:92227   warning  'ah' is already defined                                                    no-redeclare
  57:92232   warning  'ae' is already defined                                                    no-redeclare
  57:93128   warning  'av' is defined but never used                                             no-unused-vars
  57:93758   warning  'ad' is assigned a value but never used                                    no-unused-vars
  57:93911   warning  'aw' is already defined                                                    no-redeclare
  57:94371   warning  'ai' is assigned a value but never used                                    no-unused-vars
  57:94673   warning  'aw' is already defined                                                    no-redeclare
  57:94846   warning  'aB' is already defined                                                    no-redeclare
  57:94995   warning  'an' is already defined                                                    no-redeclare
  57:95025   warning  'aw' is already defined                                                    no-redeclare
  57:96296   warning  'al' is already defined                                                    no-redeclare
  57:96977   warning  'ab' is defined but never used                                             no-unused-vars
  57:96980   warning  'ad' is defined but never used                                             no-unused-vars
  57:96983   warning  'ac' is defined but never used                                             no-unused-vars
  57:97000   warning  'ae' is defined but never used                                             no-unused-vars
  57:97003   warning  'ad' is defined but never used                                             no-unused-vars
  57:97006   warning  'ab' is defined but never used                                             no-unused-vars
  57:98615   warning  'jQuery' is not defined                                                    no-undef
  57:98817   warning  'jQuery' is not defined                                                    no-undef
  57:99189   warning  'jQuery' is not defined                                                    no-undef
  57:99598   warning  'jQuery' is not defined                                                    no-undef
  57:99904   warning  'jQuery' is not defined                                                    no-undef
  57:100832  warning  'ah' is assigned a value but never used                                    no-unused-vars
  57:100841  warning  'ac' is defined but never used                                             no-unused-vars
  57:103194  warning  'ah' is defined but never used                                             no-unused-vars
  57:103211  warning  'aj' is defined but never used                                             no-unused-vars
  57:103214  warning  'ai' is defined but never used                                             no-unused-vars
  57:105838  warning  'au' is assigned a value but never used                                    no-unused-vars
  57:105894  warning  'aU' is already defined                                                    no-redeclare
  57:107873  warning  'am' is already defined                                                    no-redeclare
  57:108491  warning  'az' is already defined                                                    no-redeclare
  57:108548  warning  'aG' is already defined                                                    no-redeclare
  57:108608  warning  'am' is already defined                                                    no-redeclare
  57:108958  warning  'aF' is already defined                                                    no-redeclare
  57:109061  warning  Unnecessary escape character: \%                                           no-useless-escape
  57:109664  warning  'aR' is already defined                                                    no-redeclare
  57:109847  warning  'aR' is already defined                                                    no-redeclare
  57:110409  warning  'aO' is already defined                                                    no-redeclare
  57:110423  warning  'aU' is already defined                                                    no-redeclare
  57:110610  warning  'aT' is already defined                                                    no-redeclare
  57:110953  warning  'aN' is assigned a value but never used                                    no-unused-vars
  57:114016  warning  'ao' is already defined                                                    no-redeclare
  57:114044  warning  'aj' is already defined                                                    no-redeclare
  57:114084  warning  'ab' is already defined                                                    no-redeclare
  57:114153  warning  'aq' is already defined                                                    no-redeclare
  57:114685  warning  'at' is already defined                                                    no-redeclare
  57:115217  warning  'b' is assigned a value but never used                                     no-unused-vars
  57:115313  warning  'i' is assigned a value but never used                                     no-unused-vars
  57:117470  warning  'aj' is already defined                                                    no-redeclare
  57:119312  warning  'ag' is defined but never used                                             no-unused-vars
  57:119315  warning  'ak' is defined but never used                                             no-unused-vars
  57:119733  warning  'ag' is defined but never used                                             no-unused-vars
  57:119736  warning  'ak' is defined but never used                                             no-unused-vars
  57:120211  warning  'ah' is assigned a value but never used                                    no-unused-vars
  57:127803  warning  'ac' is already defined                                                    no-redeclare
  57:127878  warning  'ab' is already defined                                                    no-redeclare
  57:127958  warning  'ac' is already defined                                                    no-redeclare
  57:127974  warning  'ab' is already defined                                                    no-redeclare
  57:128036  warning  'ac' is already defined                                                    no-redeclare
  57:128052  warning  'ab' is already defined                                                    no-redeclare
  57:128178  warning  'ac' is already defined                                                    no-redeclare
  57:128194  warning  'ab' is already defined                                                    no-redeclare
  57:128262  warning  'ac' is already defined                                                    no-redeclare
  57:128337  warning  'ab' is already defined                                                    no-redeclare
  57:128405  warning  'ac' is already defined                                                    no-redeclare
  57:128420  warning  'ab' is already defined                                                    no-redeclare
  57:128487  warning  'ac' is already defined                                                    no-redeclare
  57:128502  warning  'ab' is already defined                                                    no-redeclare
  57:128626  warning  'ac' is already defined                                                    no-redeclare
  57:128642  warning  'ab' is already defined                                                    no-redeclare
  57:128769  warning  'ac' is already defined                                                    no-redeclare
  57:128811  warning  'ab' is already defined                                                    no-redeclare
  57:128891  warning  'ac' is already defined                                                    no-redeclare
  57:128966  warning  'ab' is already defined                                                    no-redeclare
  57:129077  warning  'ac' is already defined                                                    no-redeclare
  57:129120  warning  'ab' is already defined                                                    no-redeclare
  57:129181  warning  'ac' is already defined                                                    no-redeclare
  57:129224  warning  'ab' is already defined                                                    no-redeclare
  57:129349  warning  'ac' is already defined                                                    no-redeclare
  57:129392  warning  'ab' is already defined                                                    no-redeclare
  57:129459  warning  'ac' is already defined                                                    no-redeclare
  57:129534  warning  'ab' is already defined                                                    no-redeclare
  57:129627  warning  'ac' is already defined                                                    no-redeclare
  57:129669  warning  'ab' is already defined                                                    no-redeclare
  57:129737  warning  'ac' is already defined                                                    no-redeclare
  57:129779  warning  'ab' is already defined                                                    no-redeclare
  57:129904  warning  'ac' is already defined                                                    no-redeclare
  57:129920  warning  'ab' is already defined                                                    no-redeclare
  57:130067  warning  'ac' is already defined                                                    no-redeclare
  57:130245  warning  'ab' is already defined                                                    no-redeclare
  57:130441  warning  'ac' is already defined                                                    no-redeclare
  57:130636  warning  'ab' is already defined                                                    no-redeclare
  57:132428  warning  Do not access Object.prototype method 'hasOwnProperty' from target object  no-prototype-builtins
  57:133488  warning  Do not access Object.prototype method 'hasOwnProperty' from target object  no-prototype-builtins
  57:133604  warning  'am' is assigned a value but never used                                    no-unused-vars
  57:133613  warning  'al' is assigned a value but never used                                    no-unused-vars
  57:134462  warning  'ad' is already defined                                                    no-redeclare
  57:134874  warning  'aq' is assigned a value but never used                                    no-unused-vars
  57:135637  warning  Do not access Object.prototype method 'hasOwnProperty' from target object  no-prototype-builtins
  57:136439  warning  Do not access Object.prototype method 'hasOwnProperty' from target object  no-prototype-builtins
  57:137174  warning  Do not access Object.prototype method 'hasOwnProperty' from target object  no-prototype-builtins
  57:137284  warning  Do not access Object.prototype method 'hasOwnProperty' from target object  no-prototype-builtins
  57:137595  warning  Do not access Object.prototype method 'hasOwnProperty' from target object  no-prototype-builtins
  57:137705  warning  Do not access Object.prototype method 'hasOwnProperty' from target object  no-prototype-builtins
  57:137729  warning  'ac' is already defined                                                    no-redeclare
  57:142446  warning  'aF' is assigned a value but never used                                    no-unused-vars
  57:142912  warning  'aD' is already defined                                                    no-redeclare
  57:145016  warning  'aB' is assigned a value but never used                                    no-unused-vars
  57:145721  warning  'ad' is assigned a value but never used                                    no-unused-vars
  57:147191  warning  'ae' is already defined                                                    no-redeclare
  57:155662  warning  Do not access Object.prototype method 'hasOwnProperty' from target object  no-prototype-builtins
  57:156876  warning  Do not access Object.prototype method 'hasOwnProperty' from target object  no-prototype-builtins
  57:156926  warning  Do not access Object.prototype method 'hasOwnProperty' from target object  no-prototype-builtins
  57:156971  warning  Do not access Object.prototype method 'hasOwnProperty' from target object  no-prototype-builtins
  57:157021  warning  Do not access Object.prototype method 'hasOwnProperty' from target object  no-prototype-builtins
  57:157237  warning  Expected a conditional expression and instead saw an assignment            no-cond-assign
  57:158925  warning  Unnecessary escape character: \/                                           no-useless-escape
  57:158941  warning  Unnecessary escape character: \/                                           no-useless-escape
  57:159002  warning  Unnecessary escape character: \/                                           no-useless-escape
  57:159018  warning  Unnecessary escape character: \/                                           no-useless-escape
  57:159163  warning  Unnecessary escape character: \/                                           no-useless-escape
  57:159179  warning  Unnecessary escape character: \/                                           no-useless-escape
  57:159247  warning  Unnecessary escape character: \/                                           no-useless-escape
  57:159264  warning  Unnecessary escape character: \/                                           no-useless-escape
  57:159541  warning  Unnecessary escape character: \/                                           no-useless-escape
  57:159558  warning  Unnecessary escape character: \/                                           no-useless-escape
  57:159616  warning  'ah' is already defined                                                    no-redeclare
  57:159644  warning  Unnecessary escape character: \/                                           no-useless-escape
  57:159661  warning  Unnecessary escape character: \/                                           no-useless-escape
  57:160327  warning  Unnecessary escape character: \:                                           no-useless-escape
  57:160346  warning  Unnecessary escape character: \:                                           no-useless-escape
  57:160464  warning  'ad' is already defined                                                    no-redeclare
  57:160774  warning  Unnecessary escape character: \:                                           no-useless-escape
  57:160786  warning  Unnecessary escape character: \:                                           no-useless-escape
  57:160806  warning  Unnecessary escape character: \+                                           no-useless-escape
  57:160808  warning  Unnecessary escape character: \-                                           no-useless-escape
  57:160815  warning  Unnecessary escape character: \:                                           no-useless-escape
  57:160905  warning  'ad' is already defined                                                    no-redeclare
  57:161116  warning  Unnecessary escape character: \/                                           no-useless-escape
  57:161148  warning  Unnecessary escape character: \/                                           no-useless-escape
  57:161343  warning  'aj' is already defined                                                    no-redeclare
  57:163920  warning  'al' is already defined                                                    no-redeclare
  57:163966  warning  'aB' is already defined                                                    no-redeclare
  57:163985  warning  'aE' is already defined                                                    no-redeclare
  57:164144  warning  'al' is already defined                                                    no-redeclare
  57:164178  warning  'aB' is already defined                                                    no-redeclare
  57:164337  warning  'aE' is already defined                                                    no-redeclare
  57:164616  warning  'al' is already defined                                                    no-redeclare
  57:164650  warning  'aB' is already defined                                                    no-redeclare
  57:165055  warning  'aH' is already defined                                                    no-redeclare
  57:165295  warning  Unnecessary escape character: \'                                           no-useless-escape
  57:165808  warning  'jQuery' is not defined                                                    no-undef
  57:165831  warning  '$' is not defined                                                         no-undef
  57:165854  warning  '$' is not defined                                                         no-undef
  57:165915  warning  '$' is not defined                                                         no-undef
  57:165924  warning  '$' is not defined                                                         no-undef
  57:166420  warning  '$' is not defined                                                         no-undef
  57:166635  warning  '$' is not defined                                                         no-undef
  57:166655  warning  '$' is not defined                                                         no-undef
  57:166777  warning  '$' is not defined                                                         no-undef
  57:166842  warning  '$' is not defined                                                         no-undef
  57:167190  warning  '$' is not defined                                                         no-undef
  57:167210  warning  '$' is not defined                                                         no-undef
  57:167277  warning  '$' is not defined                                                         no-undef
  57:167345  warning  '$' is not defined                                                         no-undef
  57:167381  warning  '$' is not defined                                                         no-undef
  57:167403  warning  '$' is not defined                                                         no-undef
  57:167435  warning  '$' is not defined                                                         no-undef
  57:167469  warning  '$' is not defined                                                         no-undef
  57:167510  warning  '$' is not defined                                                         no-undef
  57:167548  warning  '$' is not defined                                                         no-undef
  57:167560  warning  '$' is not defined                                                         no-undef
  57:167575  warning  '$' is not defined                                                         no-undef
  57:167639  warning  'standardSpeed' is defined but never used                                  no-unused-vars
  57:167684  warning  '$' is not defined                                                         no-undef
  57:167737  warning  '$' is not defined                                                         no-undef
  57:167780  warning  '$' is not defined                                                         no-undef
  57:167839  warning  '$' is not defined                                                         no-undef
  57:167874  warning  'i' is defined but never used                                              no-unused-vars
  57:167876  warning  'j' is defined but never used                                              no-unused-vars
  57:167878  warning  'b' is defined but never used                                              no-unused-vars
  57:167880  warning  'h' is defined but never used                                              no-unused-vars
  57:167952  warning  '$' is not defined                                                         no-undef
  57:168004  warning  '$' is not defined                                                         no-undef
  57:168034  warning  '$' is not defined                                                         no-undef
  57:168191  warning  '$' is not defined                                                         no-undef
  57:168237  warning  '$' is not defined                                                         no-undef
  57:168270  warning  '$' is not defined                                                         no-undef
  57:168591  warning  '$' is not defined                                                         no-undef
  57:168641  warning  '$' is not defined                                                         no-undef
  57:168713  warning  '$' is not defined                                                         no-undef
  57:168925  warning  '$' is not defined                                                         no-undef
  57:168966  warning  '$' is not defined                                                         no-undef
  57:169032  warning  '$' is not defined                                                         no-undef
  57:169379  warning  '$' is not defined                                                         no-undef
  57:169409  warning  '$' is not defined                                                         no-undef

/home/runner/work/exp-robinson-frequency-bridge-iitkgp/exp-robinson-frequency-bridge-iitkgp/experiment/simulation/jquery_files/jquery.min.js
  2:820    warning  Empty block statement                                            no-empty
  2:877    warning  Empty block statement                                            no-empty
  2:4309   warning  Expected a conditional expression and instead saw an assignment  no-cond-assign
  2:4537   warning  'b' is defined but never used                                    no-unused-vars
  2:4813   warning  'd' is defined but never used                                    no-unused-vars
  2:4989   warning  'd' is defined but never used                                    no-unused-vars
  2:5201   warning  'l' is defined but never used                                    no-unused-vars
  2:7003   warning  Empty block statement                                            no-empty
  2:7308   warning  Unnecessary escape character: \-                                 no-useless-escape
  2:7410   warning  Unnecessary escape character: \/                                 no-useless-escape
  2:7495   warning  Unnecessary escape character: \-                                 no-useless-escape
  2:7545   warning  Unnecessary escape character: \/                                 no-useless-escape
  2:7584   warning  Unnecessary escape character: \/                                 no-useless-escape
  2:11073  warning  Empty block statement                                            no-empty
  2:12113  warning  'ActiveXObject' is not defined                                   no-undef
  2:17172  warning  'r' is defined but never used                                    no-unused-vars
  2:20309  warning  Redundant double negation                                        no-extra-boolean-cast
  2:20862  warning  Redundant double negation                                        no-extra-boolean-cast
  2:22767  warning  'e' is defined but never used                                    no-unused-vars
  2:23489  warning  'c' is assigned a value but never used                           no-unused-vars
  2:23599  warning  Expected a conditional expression and instead saw an assignment  no-cond-assign
  2:24298  warning  Empty block statement                                            no-empty
  2:25395  warning  Expected a conditional expression and instead saw an assignment  no-cond-assign
  2:31012  warning  Expected a conditional expression and instead saw an assignment  no-cond-assign
  2:31577  warning  'i' is defined but never used                                    no-unused-vars
  2:31806  warning  Expected a conditional expression and instead saw an assignment  no-cond-assign
  2:32395  warning  'g' is assigned a value but never used                           no-unused-vars
  3:1378   warning  Empty block statement                                            no-empty
  3:4948   warning  'a' is defined but never used                                    no-unused-vars
  3:4950   warning  'b' is defined but never used                                    no-unused-vars
  3:5456   warning  'a' is defined but never used                                    no-unused-vars
  3:6564   warning  'a' is defined but never used                                    no-unused-vars
  3:6566   warning  'b' is defined but never used                                    no-unused-vars
  3:6705   warning  'a' is defined but never used                                    no-unused-vars
  3:10179  warning  Unnecessary escape character: \[                                 no-useless-escape
  3:10205  warning  Unnecessary escape character: \[                                 no-useless-escape
  3:10230  warning  Unnecessary escape character: \[                                 no-useless-escape
  3:11924  warning  Expected a conditional expression and instead saw an assignment  no-cond-assign
  3:12936  warning  Unnecessary escape character: \-                                 no-useless-escape
  3:12977  warning  Unnecessary escape character: \-                                 no-useless-escape
  3:13027  warning  Unnecessary escape character: \-                                 no-useless-escape
  3:13077  warning  Unnecessary escape character: \-                                 no-useless-escape
  3:13141  warning  Unnecessary escape character: \-                                 no-useless-escape
  3:13188  warning  Unnecessary escape character: \*                                 no-useless-escape
  3:13190  warning  Unnecessary escape character: \-                                 no-useless-escape
  3:13260  warning  Unnecessary escape character: \-                                 no-useless-escape
  3:13273  warning  Unnecessary escape character: \-                                 no-useless-escape
  3:13291  warning  Unnecessary escape character: \-                                 no-useless-escape
  3:13372  warning  Unnecessary escape character: \-                                 no-useless-escape
  3:13409  warning  Unnecessary escape character: \-                                 no-useless-escape
  3:13439  warning  Unnecessary escape character: \)                                 no-useless-escape
  3:13448  warning  Unnecessary escape character: \(                                 no-useless-escape
  3:13450  warning  Unnecessary escape character: \)                                 no-useless-escape
  3:13770  warning  Expected a conditional expression and instead saw an assignment  no-cond-assign
  3:15150  warning  'b' is defined but never used                                    no-unused-vars
  3:15305  warning  Unnecessary escape character: \-                                 no-useless-escape
  3:18007  warning  Expected a conditional expression and instead saw an assignment  no-cond-assign
  3:18082  warning  Expected a 'break' statement before 'case'                       no-fallthrough
  3:18099  warning  Expected a conditional expression and instead saw an assignment  no-cond-assign
  3:19212  warning  Unnecessary escape character: \[                                 no-useless-escape
  3:19224  warning  Unnecessary escape character: \(                                 no-useless-escape
  3:21922  warning  Unnecessary escape character: \-                                 no-useless-escape
  3:21935  warning  Unnecessary escape character: \-                                 no-useless-escape
  3:22344  warning  Empty block statement                                            no-empty
  3:22626  warning  Empty block statement                                            no-empty
  3:23007  warning  Unnecessary escape character: \=                                 no-useless-escape
  3:23188  warning  Empty block statement                                            no-empty
  3:24044  warning  Expected a conditional expression and instead saw an assignment  no-cond-assign
  3:24400  warning  Unnecessary escape character: \[                                 no-useless-escape
  3:24402  warning  Unnecessary escape character: \.                                 no-useless-escape
  3:27566  warning  'd' is defined but never used                                    no-unused-vars
  3:28032  warning  Unnecessary escape character: \-                                 no-useless-escape
  3:28034  warning  Unnecessary escape character: \-                                 no-useless-escape
  4:1      warning  Unexpected newline between function and ( of function call       no-unexpected-multiline
  4:2688   warning  Unnecessary escape character: \-                                 no-useless-escape
  4:2696   warning  Unnecessary escape character: \-                                 no-useless-escape
  4:3720   warning  Empty block statement                                            no-empty
  4:5107   warning  Expected a conditional expression and instead saw an assignment  no-cond-assign
  4:6075   warning  Unnecessary escape character: \-                                 no-useless-escape
  4:6087   warning  Unnecessary escape character: \-                                 no-useless-escape
  4:6279   warning  Unnecessary escape character: \+                                 no-useless-escape
  4:6281   warning  Unnecessary escape character: \.                                 no-useless-escape
  4:6283   warning  Unnecessary escape character: \-                                 no-useless-escape
  4:6299   warning  Unnecessary escape character: \/                                 no-useless-escape
  4:7381   warning  'c' is defined but never used                                    no-unused-vars
  4:8700   warning  Expected a conditional expression and instead saw an assignment  no-cond-assign
  4:8762   warning  Expected a conditional expression and instead saw an assignment  no-cond-assign
  4:9639   warning  Expected a conditional expression and instead saw an assignment  no-cond-assign
  4:11994  warning  Unnecessary escape character: \=                                 no-useless-escape
  4:14359  warning  Empty block statement                                            no-empty
  4:14990  warning  Unnecessary escape character: \-                                 no-useless-escape
  4:15002  warning  Unnecessary escape character: \-                                 no-useless-escape
  4:21298  warning  Empty block statement                                            no-empty
  4:22435  warning  'e' is assigned a value but never used                           no-unused-vars
  4:22914  warning  'g' is defined but never used                                    no-unused-vars

/home/runner/work/exp-robinson-frequency-bridge-iitkgp/exp-robinson-frequency-bridge-iitkgp/experiment/simulation/jquery_files/js_metergauge.js
   2:3   warning  '$' is not defined                         no-undef
   3:2   warning  Mixed spaces and tabs                      no-mixed-spaces-and-tabs
   3:6   warning  's1' is not defined                        no-undef
   4:2   warning  Mixed spaces and tabs                      no-mixed-spaces-and-tabs
   4:6   warning  'plot3' is not defined                     no-undef
   4:14  warning  '$' is not defined                         no-undef
   4:33  warning  's1' is not defined                        no-undef
   5:3   warning  Mixed spaces and tabs                      no-mixed-spaces-and-tabs
   6:4   warning  Mixed spaces and tabs                      no-mixed-spaces-and-tabs
   7:3   warning  Mixed spaces and tabs                      no-mixed-spaces-and-tabs
   8:3   warning  Mixed spaces and tabs                      no-mixed-spaces-and-tabs
   9:4   warning  Mixed spaces and tabs                      no-mixed-spaces-and-tabs
   9:18  warning  '$' is not defined                         no-undef
  10:4   warning  Mixed spaces and tabs                      no-mixed-spaces-and-tabs
  11:5   warning  Mixed spaces and tabs                      no-mixed-spaces-and-tabs
  12:5   warning  Mixed spaces and tabs                      no-mixed-spaces-and-tabs
  13:5   warning  Mixed spaces and tabs                      no-mixed-spaces-and-tabs
  14:5   warning  Mixed spaces and tabs                      no-mixed-spaces-and-tabs
  15:4   warning  Mixed spaces and tabs                      no-mixed-spaces-and-tabs
  16:3   warning  Mixed spaces and tabs                      no-mixed-spaces-and-tabs
  17:2   warning  Mixed spaces and tabs                      no-mixed-spaces-and-tabs
  19:12  warning  'perform_meter' is defined but never used  no-unused-vars
  20:3   warning  's1' is not defined                        no-undef
  21:3   warning  'plot3' is not defined                     no-undef
  21:11  warning  '$' is not defined                         no-undef
  21:30  warning  's1' is not defined                        no-undef
  23:4   warning  Mixed spaces and tabs                      no-mixed-spaces-and-tabs
  25:3   warning  Mixed spaces and tabs                      no-mixed-spaces-and-tabs
  26:4   warning  Mixed spaces and tabs                      no-mixed-spaces-and-tabs
  26:18  warning  '$' is not defined                         no-undef
  27:4   warning  Mixed spaces and tabs                      no-mixed-spaces-and-tabs
  28:5   warning  Mixed spaces and tabs                      no-mixed-spaces-and-tabs
  29:5   warning  Mixed spaces and tabs                      no-mixed-spaces-and-tabs
  30:5   warning  Mixed spaces and tabs                      no-mixed-spaces-and-tabs
  31:5   warning  Mixed spaces and tabs                      no-mixed-spaces-and-tabs
  32:4   warning  Mixed spaces and tabs                      no-mixed-spaces-and-tabs
  33:3   warning  Mixed spaces and tabs                      no-mixed-spaces-and-tabs
  34:2   warning  Mixed spaces and tabs                      no-mixed-spaces-and-tabs

/home/runner/work/exp-robinson-frequency-bridge-iitkgp/exp-robinson-frequency-bridge-iitkgp/experiment/simulation/jquery_files/js_metergauge1.js
   2:3   warning  '$' is not defined                          no-undef
   3:2   warning  Mixed spaces and tabs                       no-mixed-spaces-and-tabs
   3:6   warning  's1' is not defined                         no-undef
   4:2   warning  Mixed spaces and tabs                       no-mixed-spaces-and-tabs
   4:6   warning  'plot1' is not defined                      no-undef
   4:14  warning  '$' is not defined                          no-undef
   4:33  warning  's1' is not defined                         no-undef
   5:3   warning  Mixed spaces and tabs                       no-mixed-spaces-and-tabs
   6:4   warning  Mixed spaces and tabs                       no-mixed-spaces-and-tabs
   7:3   warning  Mixed spaces and tabs                       no-mixed-spaces-and-tabs
   8:3   warning  Mixed spaces and tabs                       no-mixed-spaces-and-tabs
   9:4   warning  Mixed spaces and tabs                       no-mixed-spaces-and-tabs
   9:18  warning  '$' is not defined                          no-undef
  10:4   warning  Mixed spaces and tabs                       no-mixed-spaces-and-tabs
  11:5   warning  Mixed spaces and tabs                       no-mixed-spaces-and-tabs
  12:5   warning  Mixed spaces and tabs                       no-mixed-spaces-and-tabs
  13:5   warning  Mixed spaces and tabs                       no-mixed-spaces-and-tabs
  14:5   warning  Mixed spaces and tabs                       no-mixed-spaces-and-tabs
  15:4   warning  Mixed spaces and tabs                       no-mixed-spaces-and-tabs
  16:3   warning  Mixed spaces and tabs                       no-mixed-spaces-and-tabs
  17:2   warning  Mixed spaces and tabs                       no-mixed-spaces-and-tabs
  19:12  warning  'perform_meter1' is defined but never used  no-unused-vars
  20:3   warning  's1' is not defined                         no-undef
  21:3   warning  'plot1' is not defined                      no-undef
  21:11  warning  '$' is not defined                          no-undef
  21:30  warning  's1' is not defined                         no-undef
  23:4   warning  Mixed spaces and tabs                       no-mixed-spaces-and-tabs
  25:3   warning  Mixed spaces and tabs                       no-mixed-spaces-and-tabs
  26:4   warning  Mixed spaces and tabs                       no-mixed-spaces-and-tabs
  26:18  warning  '$' is not defined                          no-undef
  27:4   warning  Mixed spaces and tabs                       no-mixed-spaces-and-tabs
  28:5   warning  Mixed spaces and tabs                       no-mixed-spaces-and-tabs
  29:5   warning  Mixed spaces and tabs                       no-mixed-spaces-and-tabs
  30:5   warning  Mixed spaces and tabs                       no-mixed-spaces-and-tabs
  31:5   warning  Mixed spaces and tabs                       no-mixed-spaces-and-tabs
  32:4   warning  Mixed spaces and tabs                       no-mixed-spaces-and-tabs
  33:3   warning  Mixed spaces and tabs                       no-mixed-spaces-and-tabs
  34:2   warning  Mixed spaces and tabs                       no-mixed-spaces-and-tabs

/home/runner/work/exp-robinson-frequency-bridge-iitkgp/exp-robinson-frequency-bridge-iitkgp/experiment/simulation/jquery_files/js_metergauge2.js
   2:3   warning  '$' is not defined                          no-undef
   3:2   warning  Mixed spaces and tabs                       no-mixed-spaces-and-tabs
   3:6   warning  's2' is not defined                         no-undef
   4:2   warning  Mixed spaces and tabs                       no-mixed-spaces-and-tabs
   4:6   warning  'plot2' is not defined                      no-undef
   4:14  warning  '$' is not defined                          no-undef
   4:33  warning  's2' is not defined                         no-undef
   5:3   warning  Mixed spaces and tabs                       no-mixed-spaces-and-tabs
   6:4   warning  Mixed spaces and tabs                       no-mixed-spaces-and-tabs
   7:3   warning  Mixed spaces and tabs                       no-mixed-spaces-and-tabs
   8:3   warning  Mixed spaces and tabs                       no-mixed-spaces-and-tabs
   9:4   warning  Mixed spaces and tabs                       no-mixed-spaces-and-tabs
   9:18  warning  '$' is not defined                          no-undef
  10:4   warning  Mixed spaces and tabs                       no-mixed-spaces-and-tabs
  11:5   warning  Mixed spaces and tabs                       no-mixed-spaces-and-tabs
  12:5   warning  Mixed spaces and tabs                       no-mixed-spaces-and-tabs
  13:5   warning  Mixed spaces and tabs                       no-mixed-spaces-and-tabs
  14:5   warning  Mixed spaces and tabs                       no-mixed-spaces-and-tabs
  15:4   warning  Mixed spaces and tabs                       no-mixed-spaces-and-tabs
  16:3   warning  Mixed spaces and tabs                       no-mixed-spaces-and-tabs
  17:2   warning  Mixed spaces and tabs                       no-mixed-spaces-and-tabs
  19:12  warning  'perform_meter2' is defined but never used  no-unused-vars
  20:3   warning  's2' is not defined                         no-undef
  21:3   warning  'plot2' is not defined                      no-undef
  21:11  warning  '$' is not defined                          no-undef
  21:30  warning  's2' is not defined                         no-undef
  23:4   warning  Mixed spaces and tabs                       no-mixed-spaces-and-tabs
  25:3   warning  Mixed spaces and tabs                       no-mixed-spaces-and-tabs
  26:4   warning  Mixed spaces and tabs                       no-mixed-spaces-and-tabs
  26:18  warning  '$' is not defined                          no-undef
  27:4   warning  Mixed spaces and tabs                       no-mixed-spaces-and-tabs
  28:5   warning  Mixed spaces and tabs                       no-mixed-spaces-and-tabs
  29:5   warning  Mixed spaces and tabs                       no-mixed-spaces-and-tabs
  30:5   warning  Mixed spaces and tabs                       no-mixed-spaces-and-tabs
  31:5   warning  Mixed spaces and tabs                       no-mixed-spaces-and-tabs
  32:4   warning  Mixed spaces and tabs                       no-mixed-spaces-and-tabs
  33:3   warning  Mixed spaces and tabs                       no-mixed-spaces-and-tabs
  34:2   warning  Mixed spaces and tabs                       no-mixed-spaces-and-tabs

/home/runner/work/exp-robinson-frequency-bridge-iitkgp/exp-robinson-frequency-bridge-iitkgp/experiment/simulation/jquery_files/shBrushJScript.min.js
  1:42   warning  'SyntaxHighlighter' is not defined  no-undef
  1:60   warning  'require' is not defined            no-undef
  1:285  warning  'SyntaxHighlighter' is not defined  no-undef
  1:672  warning  'SyntaxHighlighter' is not defined  no-undef
  1:744  warning  'SyntaxHighlighter' is not defined  no-undef
  1:809  warning  'exports' is not defined            no-undef

/home/runner/work/exp-robinson-frequency-bridge-iitkgp/exp-robinson-frequency-bridge-iitkgp/experiment/simulation/jquery_files/shBrushXml.min.js
  1:42    warning  'SyntaxHighlighter' is not defined  no-undef
  1:60    warning  'require' is not defined            no-undef
  1:127   warning  'j' is defined but never used       no-unused-vars
  1:136   warning  'SyntaxHighlighter' is not defined  no-undef
  1:173   warning  'XRegExp' is not defined            no-undef
  1:278   warning  'XRegExp' is not defined            no-undef
  1:610   warning  'XRegExp' is not defined            no-undef
  1:702   warning  'SyntaxHighlighter' is not defined  no-undef
  1:768   warning  'XRegExp' is not defined            no-undef
  1:874   warning  'SyntaxHighlighter' is not defined  no-undef
  1:946   warning  'SyntaxHighlighter' is not defined  no-undef
  1:1007  warning  'exports' is not defined            no-undef

/home/runner/work/exp-robinson-frequency-bridge-iitkgp/exp-robinson-frequency-bridge-iitkgp/experiment/simulation/js/MOVEMASTER_controller.js
   10:5   warning  'RM501' is not defined                        no-undef
   11:5   warning  'animate' is not defined                      no-undef
   18:10  warning  'onWindowResize' is defined but never used    no-unused-vars
   33:5   warning  'RM501' is not defined                        no-undef
   37:5   warning  'RM501' is not defined                        no-undef
   41:5   warning  'RM501' is not defined                        no-undef
   45:5   warning  'RM501' is not defined                        no-undef
   49:5   warning  'RM501' is not defined                        no-undef
   56:5   warning  'update' is not defined                       no-undef
   57:5   warning  'render' is not defined                       no-undef
   61:10  warning  'moveButton' is defined but never used        no-unused-vars
   69:9   warning  'RM501' is not defined                        no-undef
   70:9   warning  'RM501' is not defined                        no-undef
   73:14  warning  'RM501' is not defined                        no-undef
   75:9   warning  'RM501' is not defined                        no-undef
   76:9   warning  'RM501' is not defined                        no-undef
   79:9   warning  'RM501' is not defined                        no-undef
   80:9   warning  'RM501' is not defined                        no-undef
   85:10  warning  'movemasterchange' is defined but never used  no-unused-vars
   88:5   warning  'RM501' is not defined                        no-undef
   91:5   warning  'RM501' is not defined                        no-undef
   94:5   warning  'RM501' is not defined                        no-undef
   97:5   warning  'RM501' is not defined                        no-undef
  100:5   warning  'RM501' is not defined                        no-undef
  105:5   warning  't1' is not defined                           no-undef
  106:5   warning  't2' is not defined                           no-undef
  107:5   warning  't3' is not defined                           no-undef
  108:5   warning  't4' is not defined                           no-undef
  109:5   warning  't5' is not defined                           no-undef
  111:5   warning  'tmat' is not defined                         no-undef
  114:2   warning  'update' is not defined                       no-undef
  117:10  warning  'clearslidervalue' is defined but never used  no-unused-vars
  135:2   warning  'Plotly' is not defined                       no-undef
  138:10  warning  'workspace' is defined but never used         no-unused-vars
  142:5   warning  't1' is not defined                           no-undef
  143:1   warning  Mixed spaces and tabs                         no-mixed-spaces-and-tabs
  144:2   warning  Mixed spaces and tabs                         no-mixed-spaces-and-tabs
  145:2   warning  't2' is not defined                           no-undef
  146:5   warning  't3' is not defined                           no-undef
  147:5   warning  't4' is not defined                           no-undef
  148:5   warning  't5' is not defined                           no-undef
  150:2   warning  'tmat_workspace' is not defined               no-undef
  152:1   warning  Mixed spaces and tabs                         no-mixed-spaces-and-tabs
  163:10  warning  'trace1' is not defined                       no-undef
  178:5   warning  'Plotly' is not defined                       no-undef
  184:11  warning  'trace2' is not defined                       no-undef
  199:5   warning  'Plotly' is not defined                       no-undef
  203:10  warning  'deleteTrace' is defined but never used       no-unused-vars
  207:1   warning  'trace1' is not defined                       no-undef
  208:1   warning  'trace1' is not defined                       no-undef
  209:1   warning  'trace1' is not defined                       no-undef
  211:1   warning  'trace2' is not defined                       no-undef
  212:1   warning  'trace2' is not defined                       no-undef
  213:1   warning  'trace2' is not defined                       no-undef

/home/runner/work/exp-robinson-frequency-bridge-iitkgp/exp-robinson-frequency-bridge-iitkgp/experiment/simulation/js/MOVEMASTER_scene.js
   33:26   warning  'THREE' is not defined               no-undef
   40:29   warning  'THREE' is not defined               no-undef
   49:27   warning  'THREE' is not defined               no-undef
   54:29   warning  'THREE' is not defined               no-undef
   71:28   warning  'THREE' is not defined               no-undef
   75:29   warning  'THREE' is not defined               no-undef
   79:26   warning  'Stats' is not defined               no-undef
   86:9    warning  'axes' is not defined                no-undef
   86:16   warning  'buildAxes' is not defined           no-undef
   88:24   warning  'axes' is not defined                no-undef
   90:9    warning  'gridX' is not defined               no-undef
   90:21   warning  'THREE' is not defined               no-undef
   91:9    warning  'gridX' is not defined               no-undef
   91:29   warning  'THREE' is not defined               no-undef
   91:56   warning  'THREE' is not defined               no-undef
   92:9    warning  'gridX' is not defined               no-undef
   93:24   warning  'gridX' is not defined               no-undef
   95:9    warning  'gridZ' is not defined               no-undef
   95:21   warning  'THREE' is not defined               no-undef
   96:9    warning  'gridZ' is not defined               no-undef
   97:9    warning  'gridZ' is not defined               no-undef
   98:9    warning  'gridZ' is not defined               no-undef
   98:29   warning  'THREE' is not defined               no-undef
   98:56   warning  'THREE' is not defined               no-undef
   99:24   warning  'gridZ' is not defined               no-undef
  101:9    warning  'gridY' is not defined               no-undef
  101:21   warning  'THREE' is not defined               no-undef
  102:9    warning  'gridY' is not defined               no-undef
  103:9    warning  'gridY' is not defined               no-undef
  104:9    warning  'gridY' is not defined               no-undef
  104:29   warning  'THREE' is not defined               no-undef
  104:56   warning  'THREE' is not defined               no-undef
  105:24   warning  'gridY' is not defined               no-undef
  108:9    warning  'CylinderL1' is not defined          no-undef
  108:26   warning  'THREE' is not defined               no-undef
  108:41   warning  'THREE' is not defined               no-undef
  108:86   warning  'THREE' is not defined               no-undef
  109:9    warning  'CylinderL1' is not defined          no-undef
  110:24   warning  'CylinderL1' is not defined          no-undef
  112:9    warning  'Cylinder1L1' is not defined         no-undef
  112:27   warning  'THREE' is not defined               no-undef
  112:42   warning  'THREE' is not defined               no-undef
  112:87   warning  'THREE' is not defined               no-undef
  113:9    warning  'Cylinder1L1' is not defined         no-undef
  114:9    warning  'CylinderL1' is not defined          no-undef
  114:24   warning  'Cylinder1L1' is not defined         no-undef
  116:32   warning  'THREE' is not defined               no-undef
  116:47   warning  'THREE' is not defined               no-undef
  116:92   warning  'THREE' is not defined               no-undef
  118:9    warning  'Cylinder1L1' is not defined         no-undef
  121:27   warning  'THREE' is not defined               no-undef
  121:42   warning  'THREE' is not defined               no-undef
  121:101  warning  'THREE' is not defined               no-undef
  125:9    warning  'Box2L2' is not defined              no-undef
  125:22   warning  'THREE' is not defined               no-undef
  125:37   warning  'THREE' is not defined               no-undef
  125:74   warning  'THREE' is not defined               no-undef
  126:9    warning  'Box3L2' is not defined              no-undef
  126:22   warning  'THREE' is not defined               no-undef
  126:37   warning  'THREE' is not defined               no-undef
  126:74   warning  'THREE' is not defined               no-undef
  127:9    warning  'Box3L2' is not defined              no-undef
  128:9    warning  'Box3L2' is not defined              no-undef
  130:9    warning  'Cylinder1L2' is not defined         no-undef
  130:27   warning  'THREE' is not defined               no-undef
  130:42   warning  'THREE' is not defined               no-undef
  130:87   warning  'THREE' is not defined               no-undef
  131:9    warning  'Cylinder1L2' is not defined         no-undef
  133:9    warning  'Cylinder2L2' is not defined         no-undef
  133:27   warning  'THREE' is not defined               no-undef
  133:42   warning  'THREE' is not defined               no-undef
  133:87   warning  'THREE' is not defined               no-undef
  134:9    warning  'Cylinder2L2' is not defined         no-undef
  136:9    warning  'Link1' is not defined               no-undef
  136:21   warning  'THREE' is not defined               no-undef
  137:9    warning  'THREE' is not defined               no-undef
  137:35   warning  'Link1' is not defined               no-undef
  137:42   warning  'Box2L2' is not defined              no-undef
  138:9    warning  'THREE' is not defined               no-undef
  138:35   warning  'Link1' is not defined               no-undef
  138:42   warning  'Box3L2' is not defined              no-undef
  139:9    warning  'THREE' is not defined               no-undef
  139:35   warning  'Link1' is not defined               no-undef
  139:42   warning  'Cylinder1L2' is not defined         no-undef
  140:9    warning  'THREE' is not defined               no-undef
  140:35   warning  'Link1' is not defined               no-undef
  140:42   warning  'Cylinder2L2' is not defined         no-undef
  141:9    warning  'Link1Mesh' is not defined           no-undef
  141:25   warning  'THREE' is not defined               no-undef
  141:36   warning  'Link1' is not defined               no-undef
  141:47   warning  'THREE' is not defined               no-undef
  142:9    warning  'Link1Mesh' is not defined           no-undef
  143:9    warning  'Link1Mesh' is not defined           no-undef
  144:25   warning  'Link1Mesh' is not defined           no-undef
  146:9    warning  'Link2' is not defined               no-undef
  146:21   warning  'THREE' is not defined               no-undef
  147:9    warning  'THREE' is not defined               no-undef
  147:35   warning  'Link2' is not defined               no-undef
  147:42   warning  'Box2L2' is not defined              no-undef
  148:9    warning  'THREE' is not defined               no-undef
  148:35   warning  'Link2' is not defined               no-undef
  148:42   warning  'Box3L2' is not defined              no-undef
  149:9    warning  'THREE' is not defined               no-undef
  149:35   warning  'Link2' is not defined               no-undef
  149:42   warning  'Cylinder1L2' is not defined         no-undef
  150:9    warning  'THREE' is not defined               no-undef
  150:35   warning  'Link2' is not defined               no-undef
  150:42   warning  'Cylinder2L2' is not defined         no-undef
  151:9    warning  'Link2Mesh' is not defined           no-undef
  151:25   warning  'THREE' is not defined               no-undef
  151:36   warning  'Link2' is not defined               no-undef
  151:47   warning  'THREE' is not defined               no-undef
  151:99   warning  'THREE' is not defined               no-undef
  151:141  warning  'THREE' is not defined               no-undef
  152:9    warning  'Link2Mesh' is not defined           no-undef
  153:9    warning  'Link2Mesh' is not defined           no-undef
  154:25   warning  'Link2Mesh' is not defined           no-undef
  156:9    warning  'Box4L2' is not defined              no-undef
  156:22   warning  'THREE' is not defined               no-undef
  156:37   warning  'THREE' is not defined               no-undef
  156:74   warning  'THREE' is not defined               no-undef
  157:9    warning  'Box4L2' is not defined              no-undef
  158:25   warning  'Box4L2' is not defined              no-undef
  159:9    warning  'Box5L2' is not defined              no-undef
  159:22   warning  'THREE' is not defined               no-undef
  159:37   warning  'THREE' is not defined               no-undef
  159:74   warning  'THREE' is not defined               no-undef
  160:9    warning  'Box5L2' is not defined              no-undef
  162:9    warning  'Box5L2' is not defined              no-undef
  163:25   warning  'Box5L2' is not defined              no-undef
  165:9    warning  'Cylinder3L2' is not defined         no-undef
  165:27   warning  'THREE' is not defined               no-undef
  165:42   warning  'THREE' is not defined               no-undef
  165:88   warning  'THREE' is not defined               no-undef
  166:9    warning  'Cylinder3L2' is not defined         no-undef
  167:9    warning  'Cylinder3L2' is not defined         no-undef
  168:9    warning  'Box4L2' is not defined              no-undef
  168:20   warning  'Cylinder3L2' is not defined         no-undef
  171:31   warning  'THREE' is not defined               no-undef
  171:46   warning  'THREE' is not defined               no-undef
  171:92   warning  'THREE' is not defined               no-undef
  177:26   warning  'THREE' is not defined               no-undef
  177:41   warning  'THREE' is not defined               no-undef
  177:78   warning  'THREE' is not defined               no-undef
  181:9    warning  'Box2L3' is not defined              no-undef
  181:22   warning  'THREE' is not defined               no-undef
  181:37   warning  'THREE' is not defined               no-undef
  181:72   warning  'THREE' is not defined               no-undef
  182:9    warning  'Box2L3' is not defined              no-undef
  183:9    warning  'Box2L3' is not defined              no-undef
  184:9    warning  'Box2L3' is not defined              no-undef
  186:9    warning  'Box3L3' is not defined              no-undef
  186:22   warning  'THREE' is not defined               no-undef
  186:37   warning  'THREE' is not defined               no-undef
  186:72   warning  'THREE' is not defined               no-undef
  187:9    warning  'Box3L3' is not defined              no-undef
  188:9    warning  'Box3L3' is not defined              no-undef
  189:9    warning  'Box3L3' is not defined              no-undef
  191:32   warning  'THREE' is not defined               no-undef
  191:47   warning  'THREE' is not defined               no-undef
  191:93   warning  'THREE' is not defined               no-undef
  196:9    warning  'Cylinder3L3' is not defined         no-undef
  196:27   warning  'THREE' is not defined               no-undef
  196:42   warning  'THREE' is not defined               no-undef
  196:87   warning  'THREE' is not defined               no-undef
  197:9    warning  'Cylinder3L3' is not defined         no-undef
  198:9    warning  'Cylinder3L3' is not defined         no-undef
  200:9    warning  'Link3' is not defined               no-undef
  200:21   warning  'THREE' is not defined               no-undef
  201:9    warning  'THREE' is not defined               no-undef
  201:35   warning  'Link3' is not defined               no-undef
  202:9    warning  'THREE' is not defined               no-undef
  202:35   warning  'Link3' is not defined               no-undef
  202:42   warning  'Box2L3' is not defined              no-undef
  203:9    warning  'THREE' is not defined               no-undef
  203:35   warning  'Link3' is not defined               no-undef
  203:42   warning  'Box3L3' is not defined              no-undef
  204:9    warning  'THREE' is not defined               no-undef
  204:35   warning  'Link3' is not defined               no-undef
  204:42   warning  'Cylinder3L3' is not defined         no-undef
  205:30   warning  'THREE' is not defined               no-undef
  205:41   warning  'Link3' is not defined               no-undef
  205:52   warning  'THREE' is not defined               no-undef
  216:9    warning  'Box2L4' is not defined              no-undef
  216:22   warning  'THREE' is not defined               no-undef
  216:37   warning  'THREE' is not defined               no-undef
  216:73   warning  'THREE' is not defined               no-undef
  217:9    warning  'Box2L4' is not defined              no-undef
  219:9    warning  'CylinderL4' is not defined          no-undef
  219:26   warning  'THREE' is not defined               no-undef
  219:41   warning  'THREE' is not defined               no-undef
  219:86   warning  'THREE' is not defined               no-undef
  220:9    warning  'CylinderL4' is not defined          no-undef
  221:9    warning  'CylinderL4' is not defined          no-undef
  223:9    warning  'Cylinder2L4' is not defined         no-undef
  223:27   warning  'THREE' is not defined               no-undef
  223:42   warning  'THREE' is not defined               no-undef
  223:88   warning  'THREE' is not defined               no-undef
  224:9    warning  'Cylinder2L4' is not defined         no-undef
  225:9    warning  'Cylinder2L4' is not defined         no-undef
  227:9    warning  'Link4' is not defined               no-undef
  227:21   warning  'THREE' is not defined               no-undef
  228:9    warning  'THREE' is not defined               no-undef
  228:35   warning  'Link4' is not defined               no-undef
  228:42   warning  'Cylinder2L4' is not defined         no-undef
  229:9    warning  'THREE' is not defined               no-undef
  229:35   warning  'Link4' is not defined               no-undef
  229:42   warning  'Box2L4' is not defined              no-undef
  230:9    warning  'THREE' is not defined               no-undef
  230:35   warning  'Link4' is not defined               no-undef
  230:42   warning  'CylinderL4' is not defined          no-undef
  231:30   warning  'THREE' is not defined               no-undef
  231:41   warning  'Link4' is not defined               no-undef
  231:52   warning  'THREE' is not defined               no-undef
  231:125  warning  'THREE' is not defined               no-undef
  243:32   warning  'THREE' is not defined               no-undef
  243:47   warning  'THREE' is not defined               no-undef
  243:92   warning  'THREE' is not defined               no-undef
  243:165  warning  'THREE' is not defined               no-undef
  248:32   warning  'THREE' is not defined               no-undef
  248:47   warning  'THREE' is not defined               no-undef
  248:92   warning  'THREE' is not defined               no-undef
  254:9    warning  'Cylinder5L5' is not defined         no-undef
  254:27   warning  'THREE' is not defined               no-undef
  254:42   warning  'THREE' is not defined               no-undef
  254:87   warning  'THREE' is not defined               no-undef
  254:160  warning  'THREE' is not defined               no-undef
  255:28   warning  'Cylinder5L5' is not defined         no-undef
  256:9    warning  'Cylinder5L5' is not defined         no-undef
  257:9    warning  'Cylinder5L5' is not defined         no-undef
  259:32   warning  'THREE' is not defined               no-undef
  259:47   warning  'THREE' is not defined               no-undef
  259:93   warning  'THREE' is not defined               no-undef
  264:9    warning  'Box1L6' is not defined              no-undef
  264:22   warning  'THREE' is not defined               no-undef
  264:37   warning  'THREE' is not defined               no-undef
  264:73   warning  'THREE' is not defined               no-undef
  266:9    warning  'Box1L6' is not defined              no-undef
  267:30   warning  'Box1L6' is not defined              no-undef
  269:9    warning  'Box2L6' is not defined              no-undef
  269:22   warning  'THREE' is not defined               no-undef
  269:37   warning  'THREE' is not defined               no-undef
  269:73   warning  'THREE' is not defined               no-undef
  270:9    warning  'Box2L6' is not defined              no-undef
  271:9    warning  'Box1L6' is not defined              no-undef
  271:20   warning  'Box2L6' is not defined              no-undef
  273:27   warning  'THREE' is not defined               no-undef
  273:42   warning  'THREE' is not defined               no-undef
  273:77   warning  'THREE' is not defined               no-undef
  277:9    warning  'Box2L6' is not defined              no-undef
  278:27   warning  'THREE' is not defined               no-undef
  278:42   warning  'THREE' is not defined               no-undef
  278:77   warning  'THREE' is not defined               no-undef
  282:9    warning  'Box2L6' is not defined              no-undef
  301:10   warning  'animate' is defined but never used  no-unused-vars

/home/runner/work/exp-robinson-frequency-bridge-iitkgp/exp-robinson-frequency-bridge-iitkgp/experiment/simulation/js/MOVEMASTER_tmat.js
   10:5   warning  't11' is assigned a value but never used    no-unused-vars
   10:10  warning  't22' is assigned a value but never used    no-unused-vars
   10:15  warning  't33' is assigned a value but never used    no-unused-vars
   10:20  warning  't44' is assigned a value but never used    no-unused-vars
   10:25  warning  't55' is assigned a value but never used    no-unused-vars
   10:30  warning  't66' is assigned a value but never used    no-unused-vars
   42:10  warning  'myFunction' is defined but never used      no-unused-vars
   76:3   warning  'movemasterchange' is not defined           no-undef
   85:5   warning  'R11' is not defined                        no-undef
   86:5   warning  'R12' is not defined                        no-undef
   87:5   warning  'R13' is not defined                        no-undef
   88:5   warning  'P1' is not defined                         no-undef
   90:5   warning  'R21' is not defined                        no-undef
   91:5   warning  'R22' is not defined                        no-undef
   92:5   warning  'R23' is not defined                        no-undef
   93:5   warning  'P2' is not defined                         no-undef
   95:5   warning  'R31' is not defined                        no-undef
   96:5   warning  'R32' is not defined                        no-undef
   97:5   warning  'R33' is not defined                        no-undef
   98:5   warning  'P3' is not defined                         no-undef
  114:16  warning  'R11' is not defined                        no-undef
  114:21  warning  'R12' is not defined                        no-undef
  114:26  warning  'R13' is not defined                        no-undef
  114:31  warning  'P1' is not defined                         no-undef
  114:37  warning  'R21' is not defined                        no-undef
  114:42  warning  'R22' is not defined                        no-undef
  114:47  warning  'R23' is not defined                        no-undef
  114:52  warning  'P2' is not defined                         no-undef
  114:58  warning  'R31' is not defined                        no-undef
  114:63  warning  'R32' is not defined                        no-undef
  114:68  warning  'R33' is not defined                        no-undef
  114:73  warning  'P3' is not defined                         no-undef
  131:10  warning  'print' is defined but never used           no-unused-vars
  133:20  warning  'math' is not defined                       no-undef
  135:10  warning  'tmat_workspace' is defined but never used  no-unused-vars
  142:5   warning  'R11' is not defined                        no-undef
  143:5   warning  'R12' is not defined                        no-undef
  144:5   warning  'R13' is not defined                        no-undef
  145:5   warning  'P1' is not defined                         no-undef
  147:5   warning  'R21' is not defined                        no-undef
  148:5   warning  'R22' is not defined                        no-undef
  149:5   warning  'R23' is not defined                        no-undef
  150:5   warning  'P2' is not defined                         no-undef
  152:5   warning  'R31' is not defined                        no-undef
  153:5   warning  'R32' is not defined                        no-undef
  154:5   warning  'R33' is not defined                        no-undef
  155:5   warning  'P3' is not defined                         no-undef
  157:16  warning  'R11' is not defined                        no-undef
  157:21  warning  'R12' is not defined                        no-undef
  157:26  warning  'R13' is not defined                        no-undef
  157:31  warning  'P1' is not defined                         no-undef
  157:37  warning  'R21' is not defined                        no-undef
  157:42  warning  'R22' is not defined                        no-undef
  157:47  warning  'R23' is not defined                        no-undef
  157:52  warning  'P2' is not defined                         no-undef
  157:58  warning  'R31' is not defined                        no-undef
  157:63  warning  'R32' is not defined                        no-undef
  157:68  warning  'R33' is not defined                        no-undef
  157:73  warning  'P3' is not defined                         no-undef

/home/runner/work/exp-robinson-frequency-bridge-iitkgp/exp-robinson-frequency-bridge-iitkgp/experiment/simulation/js/axis.js
  10:10  warning  'buildAxes' is defined but never used  no-unused-vars
  11:20  warning  'THREE' is not defined                 no-undef
  13:28  warning  'THREE' is not defined                 no-undef
  13:56  warning  'THREE' is not defined                 no-undef
  14:28  warning  'THREE' is not defined                 no-undef
  14:56  warning  'THREE' is not defined                 no-undef
  15:28  warning  'THREE' is not defined                 no-undef
  15:56  warning  'THREE' is not defined                 no-undef
  16:28  warning  'THREE' is not defined                 no-undef
  16:56  warning  'THREE' is not defined                 no-undef
  17:28  warning  'THREE' is not defined                 no-undef
  17:56  warning  'THREE' is not defined                 no-undef
  18:28  warning  'THREE' is not defined                 no-undef
  18:56  warning  'THREE' is not defined                 no-undef
  24:20  warning  'THREE' is not defined                 no-undef
  27:19  warning  'THREE' is not defined                 no-undef
  29:19  warning  'THREE' is not defined                 no-undef
  36:20  warning  'THREE' is not defined                 no-undef
  36:42  warning  'THREE' is not defined                 no-undef

/home/runner/work/exp-robinson-frequency-bridge-iitkgp/exp-robinson-frequency-bridge-iitkgp/experiment/simulation/js/exp3_js.js
   36:10  warning  'simulate_rc' is defined but never used   no-unused-vars
   59:10  warning  'simulate_rc2' is defined but never used  no-unused-vars
   77:10  warning  'printDiv' is defined but never used      no-unused-vars
   86:10  warning  'changeImage' is defined but never used   no-unused-vars
  104:35  warning  'cf3' is not defined                      no-undef
  110:4   warning  '$' is not defined                        no-undef
  115:35  warning  'cf3' is not defined                      no-undef
  127:4   warning  'perform_meter' is not defined            no-undef
  145:4   warning  'w' is not defined                        no-undef
  151:18  warning  'w' is not defined                        no-undef
  152:18  warning  'w' is not defined                        no-undef
  176:4   warning  'perform_meter' is not defined            no-undef
  180:10  warning  'tbl_insert' is defined but never used    no-unused-vars

/home/runner/work/exp-robinson-frequency-bridge-iitkgp/exp-robinson-frequency-bridge-iitkgp/experiment/simulation/js/graph.js
  9:5  warning  'trace1' is assigned a value but never used  no-unused-vars

/home/runner/work/exp-robinson-frequency-bridge-iitkgp/exp-robinson-frequency-bridge-iitkgp/experiment/simulation/js/pop_up.js
  21:5  warning  'Alert' is assigned a value but never used  no-unused-vars

 990 problems (0 errors, 990 warnings)
  0 errors and 2 warnings potentially fixable with the `--fix` option.

